  ack_status_event.cpp
C:\Users\Bartas\Documents\GitHub\WirelessNetworkSimulation\ProjektSymulacjaCyfrowa\event.h(20,34): warning C4244: "return": konwersja z "size_t" do "long double", możliwa utrata danych
C:\Users\Bartas\Documents\GitHub\WirelessNetworkSimulation\ProjektSymulacjaCyfrowa\generators.h(35,24): warning C4244: "inicjowanie": konwersja z "double" do "const int", możliwa utrata danych
C:\Users\Bartas\Documents\GitHub\WirelessNetworkSimulation\ProjektSymulacjaCyfrowa\generators.h(36,24): warning C4244: "inicjowanie": konwersja z "double" do "const int", możliwa utrata danych
  chanell_listening_event.cpp
C:\Users\Bartas\Documents\GitHub\WirelessNetworkSimulation\ProjektSymulacjaCyfrowa\event.h(20,34): warning C4244: "return": konwersja z "size_t" do "long double", możliwa utrata danych
C:\Users\Bartas\Documents\GitHub\WirelessNetworkSimulation\ProjektSymulacjaCyfrowa\generators.h(35,24): warning C4244: "inicjowanie": konwersja z "double" do "const int", możliwa utrata danych
C:\Users\Bartas\Documents\GitHub\WirelessNetworkSimulation\ProjektSymulacjaCyfrowa\generators.h(36,24): warning C4244: "inicjowanie": konwersja z "double" do "const int", możliwa utrata danych
  channel.cpp
C:\Users\Bartas\Documents\GitHub\WirelessNetworkSimulation\ProjektSymulacjaCyfrowa\generators.h(35,24): warning C4244: "inicjowanie": konwersja z "double" do "const int", możliwa utrata danych
C:\Users\Bartas\Documents\GitHub\WirelessNetworkSimulation\ProjektSymulacjaCyfrowa\generators.h(36,24): warning C4244: "inicjowanie": konwersja z "double" do "const int", możliwa utrata danych
  difs_waiting_time_event.cpp
C:\Users\Bartas\Documents\GitHub\WirelessNetworkSimulation\ProjektSymulacjaCyfrowa\event.h(20,34): warning C4244: "return": konwersja z "size_t" do "long double", możliwa utrata danych
C:\Users\Bartas\Documents\GitHub\WirelessNetworkSimulation\ProjektSymulacjaCyfrowa\generators.h(35,24): warning C4244: "inicjowanie": konwersja z "double" do "const int", możliwa utrata danych
C:\Users\Bartas\Documents\GitHub\WirelessNetworkSimulation\ProjektSymulacjaCyfrowa\generators.h(36,24): warning C4244: "inicjowanie": konwersja z "double" do "const int", możliwa utrata danych
C:\Users\Bartas\Documents\GitHub\WirelessNetworkSimulation\ProjektSymulacjaCyfrowa\difs_waiting_time_event.cpp(15,14): warning C4244: "inicjowanie": konwersja z "double" do "int", możliwa utrata danych
C:\Users\Bartas\Documents\GitHub\WirelessNetworkSimulation\ProjektSymulacjaCyfrowa\difs_waiting_time_event.cpp(16,40): warning C4267: "=": konwersja z "size_t" do "int", możliwa utrata danych
  event.cpp
C:\Users\Bartas\Documents\GitHub\WirelessNetworkSimulation\ProjektSymulacjaCyfrowa\event.h(20,34): warning C4244: "return": konwersja z "size_t" do "long double", możliwa utrata danych
  generate_packet_event.cpp
C:\Users\Bartas\Documents\GitHub\WirelessNetworkSimulation\ProjektSymulacjaCyfrowa\event.h(20,34): warning C4244: "return": konwersja z "size_t" do "long double", możliwa utrata danych
C:\Users\Bartas\Documents\GitHub\WirelessNetworkSimulation\ProjektSymulacjaCyfrowa\generators.h(35,24): warning C4244: "inicjowanie": konwersja z "double" do "const int", możliwa utrata danych
C:\Users\Bartas\Documents\GitHub\WirelessNetworkSimulation\ProjektSymulacjaCyfrowa\generators.h(36,24): warning C4244: "inicjowanie": konwersja z "double" do "const int", możliwa utrata danych
  generators.cpp
C:\Users\Bartas\Documents\GitHub\WirelessNetworkSimulation\ProjektSymulacjaCyfrowa\Generators.h(35,24): warning C4244: "inicjowanie": konwersja z "double" do "const int", możliwa utrata danych
C:\Users\Bartas\Documents\GitHub\WirelessNetworkSimulation\ProjektSymulacjaCyfrowa\Generators.h(36,24): warning C4244: "inicjowanie": konwersja z "double" do "const int", możliwa utrata danych
C:\Users\Bartas\Documents\GitHub\WirelessNetworkSimulation\ProjektSymulacjaCyfrowa\generators.cpp(13,8): warning C4244: "inicjowanie": konwersja z "double" do "int", możliwa utrata danych
C:\Users\Bartas\Documents\GitHub\WirelessNetworkSimulation\ProjektSymulacjaCyfrowa\generators.cpp(22,29): warning C4244: "return": konwersja z "double" do "int", możliwa utrata danych
C:\Users\Bartas\Documents\GitHub\WirelessNetworkSimulation\ProjektSymulacjaCyfrowa\generators.cpp(28,25): warning C4244: "return": konwersja z "double" do "int", możliwa utrata danych
  logger.cpp
  main.cpp
C:\Users\Bartas\Documents\GitHub\WirelessNetworkSimulation\ProjektSymulacjaCyfrowa\generators.h(35,24): warning C4244: "inicjowanie": konwersja z "double" do "const int", możliwa utrata danych
C:\Users\Bartas\Documents\GitHub\WirelessNetworkSimulation\ProjektSymulacjaCyfrowa\generators.h(36,24): warning C4244: "inicjowanie": konwersja z "double" do "const int", możliwa utrata danych
C:\Users\Bartas\Documents\GitHub\WirelessNetworkSimulation\ProjektSymulacjaCyfrowa\event.h(20,34): warning C4244: "return": konwersja z "size_t" do "long double", możliwa utrata danych
  package.cpp
  receiving_the_package_event.cpp
C:\Users\Bartas\Documents\GitHub\WirelessNetworkSimulation\ProjektSymulacjaCyfrowa\event.h(20,34): warning C4244: "return": konwersja z "size_t" do "long double", możliwa utrata danych
C:\Users\Bartas\Documents\GitHub\WirelessNetworkSimulation\ProjektSymulacjaCyfrowa\generators.h(35,24): warning C4244: "inicjowanie": konwersja z "double" do "const int", możliwa utrata danych
C:\Users\Bartas\Documents\GitHub\WirelessNetworkSimulation\ProjektSymulacjaCyfrowa\generators.h(36,24): warning C4244: "inicjowanie": konwersja z "double" do "const int", możliwa utrata danych
  simulator.cpp
C:\Users\Bartas\Documents\GitHub\WirelessNetworkSimulation\ProjektSymulacjaCyfrowa\generators.h(35,24): warning C4244: "inicjowanie": konwersja z "double" do "const int", możliwa utrata danych
C:\Users\Bartas\Documents\GitHub\WirelessNetworkSimulation\ProjektSymulacjaCyfrowa\generators.h(36,24): warning C4244: "inicjowanie": konwersja z "double" do "const int", możliwa utrata danych
C:\Users\Bartas\Documents\GitHub\WirelessNetworkSimulation\ProjektSymulacjaCyfrowa\event.h(20,34): warning C4244: "return": konwersja z "size_t" do "long double", możliwa utrata danych
C:\Users\Bartas\Documents\GitHub\WirelessNetworkSimulation\ProjektSymulacjaCyfrowa\simulator.cpp(79,64): warning C4267: "inicjowanie": konwersja z "size_t" do "int", możliwa utrata danych
C:\Users\Bartas\Documents\GitHub\WirelessNetworkSimulation\ProjektSymulacjaCyfrowa\simulator.cpp(86,68): warning C4267: "inicjowanie": konwersja z "size_t" do "int", możliwa utrata danych
C:\Users\Bartas\Documents\GitHub\WirelessNetworkSimulation\ProjektSymulacjaCyfrowa\simulator.cpp(144,33): warning C4244: "=": konwersja z "long double" do "size_t", możliwa utrata danych
  transmitter.cpp
C:\Users\Bartas\Documents\GitHub\WirelessNetworkSimulation\ProjektSymulacjaCyfrowa\generators.h(35,24): warning C4244: "inicjowanie": konwersja z "double" do "const int", możliwa utrata danych
C:\Users\Bartas\Documents\GitHub\WirelessNetworkSimulation\ProjektSymulacjaCyfrowa\generators.h(36,24): warning C4244: "inicjowanie": konwersja z "double" do "const int", możliwa utrata danych
C:\Users\Bartas\Documents\GitHub\WirelessNetworkSimulation\ProjektSymulacjaCyfrowa\transmitter.cpp(27,60): warning C4267: "argument": konwersja z "size_t" do "unsigned long", możliwa utrata danych
C:\Users\Bartas\Documents\GitHub\WirelessNetworkSimulation\ProjektSymulacjaCyfrowa\transmitter.cpp(72,35): warning C4244: "argument": konwersja z "double" do "int", możliwa utrata danych
C:\Users\Bartas\Documents\GitHub\WirelessNetworkSimulation\ProjektSymulacjaCyfrowa\transmitter.cpp(91,35): warning C4244: "argument": konwersja z "double" do "int", możliwa utrata danych
C:\Users\Bartas\Documents\GitHub\WirelessNetworkSimulation\ProjektSymulacjaCyfrowa\transmitter.cpp(111,32): warning C4244: "argument": konwersja z "double" do "int", możliwa utrata danych
  wireless_network.cpp
C:\Users\Bartas\Documents\GitHub\WirelessNetworkSimulation\ProjektSymulacjaCyfrowa\generators.h(35,24): warning C4244: "inicjowanie": konwersja z "double" do "const int", możliwa utrata danych
C:\Users\Bartas\Documents\GitHub\WirelessNetworkSimulation\ProjektSymulacjaCyfrowa\generators.h(36,24): warning C4244: "inicjowanie": konwersja z "double" do "const int", możliwa utrata danych
C:\Users\Bartas\Documents\GitHub\WirelessNetworkSimulation\ProjektSymulacjaCyfrowa\event.h(20,34): warning C4244: "return": konwersja z "size_t" do "long double", możliwa utrata danych
C:\Users\Bartas\Documents\GitHub\WirelessNetworkSimulation\ProjektSymulacjaCyfrowa\wireless_network.cpp(50,34): warning C4244: "argument": konwersja z "double" do "int", możliwa utrata danych
  Generowanie kodu...
  ProjektSymulacjaCyfrowa.vcxproj -> C:\Users\Bartas\Documents\GitHub\WirelessNetworkSimulation\x64\Debug\ProjektSymulacjaCyfrowa.exe
